<?xml version="1.0" encoding="UTF-8" ?><testsuite errors="0" name="jasmine.specs" tests="9" failures="0" skipped="0" hostname="localhost" time="0.0" timestamp="2014-09-14T14:13:42"><testcase classname="jasmine" name="CreateQuizController should be initialized correctly" time="0.0" failure="false"/><testcase classname="jasmine" name="CreateQuizController should be able to add an open question item" time="0.0" failure="false"/><testcase classname="jasmine" name="CreateQuizController should be able to add an text container item" time="0.0" failure="false"/><testcase classname="jasmine" name="CreateQuizController should be able to add an multiple choice question item" time="0.0" failure="false"/><testcase classname="jasmine" name="CreateQuizController should be able to add an option to a multiple choice question" time="0.0" failure="false"/><testcase classname="jasmine" name="CreateQuizController should be able to remove an option from a multiple_choice_question" time="0.0" failure="false"/><testcase classname="jasmine" name="CreateQuizController should be able to remove an item" time="0.0" failure="false"/><testcase classname="jasmine" name="CreateQuizController should have items ordered correctly when added" time="0.0" failure="false"/><testcase classname="jasmine" name="CreateQuizController should be able to save a quiz and inform the user" time="0.0" failure="false"/></testsuite>