<?xml version="1.0"?>
<testsuites>
  <testsuite name="Chrome 37.0.2062 (Mac OS X 10.9.2)" package="" timestamp="2014-09-09T14:59:34" id="0" hostname="mac-macbook-air.elisa" tests="4" errors="0" failures="0" time="0.021">
    <properties>
      <property name="browser.fullName" value="Mozilla/5.0 (Macintosh; Intel Mac OS X 10_9_2) AppleWebKit/537.36 (KHTML, like Gecko) Chrome/37.0.2062.94 Safari/537.36"/>
    </properties>
    <testcase name="should" time="0.004" classname="Chrome 37.0.2062 (Mac OS X 10.9.2).CreateQuizController"/>
    <testcase name="should render title corretly" time="0.013" classname="Chrome 37.0.2062 (Mac OS X 10.9.2).Quiz plugin"/>
    <testcase name="should render fields correctly when one field" time="0.003" classname="Chrome 37.0.2062 (Mac OS X 10.9.2).Quiz plugin"/>
    <testcase name="should render fields correctly when multiple fields" time="0.001" classname="Chrome 37.0.2062 (Mac OS X 10.9.2).Quiz plugin"/>
    <system-out><![CDATA[
]]></system-out>
    <system-err/>
  </testsuite>
</testsuites>
