<?xml version="1.0" encoding="UTF-8" ?><testsuite errors="0" name="jasmine.specs" tests="7" failures="0" skipped="0" hostname="localhost" time="0.0" timestamp="2014-09-10T10:45:10"><testcase classname="jasmine" name="CreateQuizController should be initialized correctly" time="0.0" failure="false"/><testcase classname="jasmine" name="CreateQuizController should be able to add an open question item" time="0.0" failure="false"/><testcase classname="jasmine" name="CreateQuizController should have items ordered correctly when added" time="0.0" failure="false"/><testcase classname="jasmine" name="CreateQuizController should be able to save a quiz and inform the user" time="0.0" failure="false"/><testcase classname="jasmine" name="Quiz plugin should render title corretly" time="0.0" failure="false"/><testcase classname="jasmine" name="Quiz plugin should render fields correctly when one field" time="0.0" failure="false"/><testcase classname="jasmine" name="Quiz plugin should render fields correctly when multiple fields" time="0.0" failure="false"/></testsuite>